<?xml version="1.0" encoding="UTF-8"?>
<testsuite name="PasswordCheckTest" tests="1" skipped="0" failures="0" errors="0" timestamp="2020-03-09T08:10:01" hostname="umuzi-umuzi" time="0.003">
  <properties/>
  <testcase name="PasswordOK" classname="PasswordCheckTest" time="0.003"/>
  <system-out><![CDATA[]]></system-out>
  <system-err><![CDATA[]]></system-err>
</testsuite>
